<?xml version="1.0" encoding="UTF-8"?>
<!-- Generated by org.testng.reporters.JUnitReportReporter -->
<testsuite skipped="0" hostname="DESKTOP-JCJ8HOK" name="testng.TNG_002" tests="1" failures="0" timestamp="20 Oct 2023 13:27:54 GMT" time="14.522" errors="0">
  <testcase name="amazon" time="14.522" classname="testng.TNG_002"/>
</testsuite> <!-- testng.TNG_002 -->
